
-----
Test: tests/test_google_maps_api.py::TestCreatePlace::test_create_new_location (call)
Time: 2023-09-04 09:02:27.345150
Request method: POST
Request URL: https://rahulshettyacademy.com/maps/api/place/add/json?key=qaclick123
Request body: {'location': {'lat': -38.383494, 'lng': 33.427362}, 'accuracy': 50, 'name': 'Frontline house', 'phone_number': '(+91) 983 893 3937', 'address': '29, side layout, cohen 09', 'types': ['shoe park', 'shop'], 'website': 'http://google.com', 'language': 'French-IN'}

Response code: 200
Text response: {"status":"OK","place_id":"7d0a648308d58a4e8b2dc31412090435","scope":"APP","reference":"3951c87f34b89347338eecff9b7c17f03951c87f34b89347338eecff9b7c17f0","id":"3951c87f34b89347338eecff9b7c17f0"}
Response headers: {'Date': 'Mon, 04 Sep 2023 07:02:30 GMT', 'Server': 'Apache/2.4.52 (Ubuntu)', 'Access-Control-Allow-Origin': '*', 'Access-Control-Allow-Methods': 'POST', 'Access-Control-Max-Age': '3600', 'Access-Control-Allow-Headers': 'Content-Type, Access-Control-Allow-Headers, Authorization, X-Requested-With', 'Content-Length': '194', 'Keep-Alive': 'timeout=5, max=100', 'Connection': 'Keep-Alive', 'Content-Type': 'application/json;charset=UTF-8'}
Response cookies: {}

-----

-----
Test: tests/test_google_maps_api.py::TestCreatePlace::test_create_new_location (call)
Time: 2023-09-04 09:02:27.989591
Request method: GET
Request URL: https://rahulshettyacademy.com/maps/api/place/get/json?key=qaclick123&place_id=7d0a648308d58a4e8b2dc31412090435

Response code: 200
Text response: {"location":{"latitude":"-38.383494","longitude":"33.427362"},"accuracy":"50","name":"Frontline house","phone_number":"(+91) 983 893 3937","address":"29, side layout, cohen 09","types":"shoe park,shop","website":"http:\/\/google.com","language":"French-IN"}
Response headers: {'Date': 'Mon, 04 Sep 2023 07:02:31 GMT', 'Server': 'Apache/2.4.52 (Ubuntu)', 'Access-Control-Allow-Origin': '*', 'Access-Control-Allow-Methods': 'POST', 'Access-Control-Max-Age': '3600', 'Access-Control-Allow-Headers': 'Content-Type, Access-Control-Allow-Headers, Authorization, X-Requested-With', 'Content-Length': '257', 'Keep-Alive': 'timeout=5, max=100', 'Connection': 'Keep-Alive', 'Content-Type': 'application/json;charset=UTF-8'}
Response cookies: {}

-----

-----
Test: tests/test_google_maps_api.py::TestCreatePlace::test_create_new_location (call)
Time: 2023-09-04 09:02:28.791666
Request method: PUT
Request URL: https://rahulshettyacademy.com/maps/api/place/update/json?key=qaclick123
Request body: {'place_id': '7d0a648308d58a4e8b2dc31412090435', 'address': '100 Lenina street, RU', 'key': '?key=qaclick123'}

Response code: 404
Text response: {"msg":"Update address operation failed, looks like the data doesn't exists"}
Response headers: {'Date': 'Mon, 04 Sep 2023 07:02:32 GMT', 'Server': 'Apache/2.4.52 (Ubuntu)', 'Access-Control-Allow-Origin': '*', 'Access-Control-Allow-Methods': 'POST', 'Access-Control-Max-Age': '3600', 'Access-Control-Allow-Headers': 'Content-Type, Access-Control-Allow-Headers, Authorization, X-Requested-With', 'Content-Length': '77', 'Keep-Alive': 'timeout=5, max=100', 'Connection': 'Keep-Alive', 'Content-Type': 'application/json;charset=UTF-8'}
Response cookies: {}

-----
