
-----
Test: tests/test_google_maps_api.py::TestCreatePlace::test_create_new_location (call)
Time: 2023-09-04 09:42:02.311886
Request method: POST
Request URL: https://rahulshettyacademy.com/maps/api/place/add/json?key=qaclick123
Request body: {'location': {'lat': -38.383494, 'lng': 33.427362}, 'accuracy': 50, 'name': 'Frontline house', 'phone_number': '(+91) 983 893 3937', 'address': '29, side layout, cohen 09', 'types': ['shoe park', 'shop'], 'website': 'http://google.com', 'language': 'French-IN'}

Response code: 200
Text response: {"status":"OK","place_id":"a308007fdf4edac81397b3e5e6105fb2","scope":"APP","reference":"9e88116378faa7bb5e274b73d1b807799e88116378faa7bb5e274b73d1b80779","id":"9e88116378faa7bb5e274b73d1b80779"}
Response headers: {'Date': 'Mon, 04 Sep 2023 07:42:05 GMT', 'Server': 'Apache/2.4.52 (Ubuntu)', 'Access-Control-Allow-Origin': '*', 'Access-Control-Allow-Methods': 'POST', 'Access-Control-Max-Age': '3600', 'Access-Control-Allow-Headers': 'Content-Type, Access-Control-Allow-Headers, Authorization, X-Requested-With', 'Content-Length': '194', 'Keep-Alive': 'timeout=5, max=100', 'Connection': 'Keep-Alive', 'Content-Type': 'application/json;charset=UTF-8'}
Response cookies: {}

-----

-----
Test: tests/test_google_maps_api.py::TestCreatePlace::test_create_new_location (call)
Time: 2023-09-04 09:42:02.936128
Request method: GET
Request URL: https://rahulshettyacademy.com/maps/api/place/get/json?key=qaclick123&place_id=a308007fdf4edac81397b3e5e6105fb2

Response code: 200
Text response: {"location":{"latitude":"-38.383494","longitude":"33.427362"},"accuracy":"50","name":"Frontline house","phone_number":"(+91) 983 893 3937","address":"29, side layout, cohen 09","types":"shoe park,shop","website":"http:\/\/google.com","language":"French-IN"}
Response headers: {'Date': 'Mon, 04 Sep 2023 07:42:06 GMT', 'Server': 'Apache/2.4.52 (Ubuntu)', 'Access-Control-Allow-Origin': '*', 'Access-Control-Allow-Methods': 'POST', 'Access-Control-Max-Age': '3600', 'Access-Control-Allow-Headers': 'Content-Type, Access-Control-Allow-Headers, Authorization, X-Requested-With', 'Content-Length': '257', 'Keep-Alive': 'timeout=5, max=100', 'Connection': 'Keep-Alive', 'Content-Type': 'application/json;charset=UTF-8'}
Response cookies: {}

-----

-----
Test: tests/test_google_maps_api.py::TestCreatePlace::test_create_new_location (call)
Time: 2023-09-04 09:42:03.752060
Request method: PUT
Request URL: https://rahulshettyacademy.com/maps/api/place/update/json?key=qaclick123
Request body: {'place_id': 'a308007fdf4edac81397b3e5e6105fb2', 'address': '100 Lenina street, RU', 'key': 'key=qaclick123'}

Response code: 404
Text response: {"msg":"Update address operation failed, looks like the data doesn't exists"}
Response headers: {'Date': 'Mon, 04 Sep 2023 07:42:07 GMT', 'Server': 'Apache/2.4.52 (Ubuntu)', 'Access-Control-Allow-Origin': '*', 'Access-Control-Allow-Methods': 'POST', 'Access-Control-Max-Age': '3600', 'Access-Control-Allow-Headers': 'Content-Type, Access-Control-Allow-Headers, Authorization, X-Requested-With', 'Content-Length': '77', 'Keep-Alive': 'timeout=5, max=100', 'Connection': 'Keep-Alive', 'Content-Type': 'application/json;charset=UTF-8'}
Response cookies: {}

-----
