
-----
Test: tests/test_google_maps_api.py::TestCreatePlace::test_create_new_location (call)
Time: 2023-09-04 11:45:50.471102
Request method: POST
Request URL: https://rahulshettyacademy.com/maps/api/place/add/json?key=qaclick123
Request body: {'location': {'lat': -38.383494, 'lng': 33.427362}, 'accuracy': 50, 'name': 'Frontline house', 'phone_number': '(+91) 983 893 3937', 'address': '29, side layout, cohen 09', 'types': ['shoe park', 'shop'], 'website': 'http://google.com', 'language': 'French-IN'}

Response code: 200
Text response: {"status":"OK","place_id":"43f898870ff8f6d4b8c5412e715b4ab1","scope":"APP","reference":"607e003306c2e36efef69a8d60803109607e003306c2e36efef69a8d60803109","id":"607e003306c2e36efef69a8d60803109"}
Response headers: {'Date': 'Mon, 04 Sep 2023 09:45:54 GMT', 'Server': 'Apache/2.4.52 (Ubuntu)', 'Access-Control-Allow-Origin': '*', 'Access-Control-Allow-Methods': 'POST', 'Access-Control-Max-Age': '3600', 'Access-Control-Allow-Headers': 'Content-Type, Access-Control-Allow-Headers, Authorization, X-Requested-With', 'Content-Length': '194', 'Keep-Alive': 'timeout=5, max=100', 'Connection': 'Keep-Alive', 'Content-Type': 'application/json;charset=UTF-8'}
Response cookies: {}

-----

-----
Test: tests/test_google_maps_api.py::TestCreatePlace::test_create_new_location (call)
Time: 2023-09-04 11:45:52.211594
Request method: GET
Request URL: https://rahulshettyacademy.com/maps/api/place/get/json?key=qaclick123&place_id=43f898870ff8f6d4b8c5412e715b4ab1

Response code: 200
Text response: {"location":{"latitude":"-38.383494","longitude":"33.427362"},"accuracy":"50","name":"Frontline house","phone_number":"(+91) 983 893 3937","address":"29, side layout, cohen 09","types":"shoe park,shop","website":"http:\/\/google.com","language":"French-IN"}
Response headers: {'Date': 'Mon, 04 Sep 2023 09:45:55 GMT', 'Server': 'Apache/2.4.52 (Ubuntu)', 'Access-Control-Allow-Origin': '*', 'Access-Control-Allow-Methods': 'POST', 'Access-Control-Max-Age': '3600', 'Access-Control-Allow-Headers': 'Content-Type, Access-Control-Allow-Headers, Authorization, X-Requested-With', 'Content-Length': '257', 'Keep-Alive': 'timeout=5, max=100', 'Connection': 'Keep-Alive', 'Content-Type': 'application/json;charset=UTF-8'}
Response cookies: {}

-----

-----
Test: tests/test_google_maps_api.py::TestCreatePlace::test_create_new_location (call)
Time: 2023-09-04 11:45:53.079426
Request method: PUT
Request URL: https://rahulshettyacademy.com/maps/api/place/update/json?key=qaclick123
Request body: {'place_id': '43f898870ff8f6d4b8c5412e715b4ab1', 'address': '100 Mickiewicz street, PL', 'key': 'qaclick123'}

Response code: 200
Text response: {"msg":"Address successfully updated"}
Response headers: {'Date': 'Mon, 04 Sep 2023 09:45:55 GMT', 'Server': 'Apache/2.4.52 (Ubuntu)', 'Access-Control-Allow-Origin': '*', 'Access-Control-Allow-Methods': 'POST', 'Access-Control-Max-Age': '3600', 'Access-Control-Allow-Headers': 'Content-Type, Access-Control-Allow-Headers, Authorization, X-Requested-With', 'Content-Length': '38', 'Keep-Alive': 'timeout=5, max=100', 'Connection': 'Keep-Alive', 'Content-Type': 'application/json;charset=UTF-8'}
Response cookies: {}

-----

-----
Test: tests/test_google_maps_api.py::TestCreatePlace::test_create_new_location (call)
Time: 2023-09-04 11:45:53.872597
Request method: GET
Request URL: https://rahulshettyacademy.com/maps/api/place/get/json?key=qaclick123&place_id=43f898870ff8f6d4b8c5412e715b4ab1

Response code: 200
Text response: {"location":{"latitude":"-38.383494","longitude":"33.427362"},"accuracy":"50","name":"Frontline house","phone_number":"(+91) 983 893 3937","address":"100 Mickiewicz street, PL","types":"shoe park,shop","website":"http:\/\/google.com","language":"French-IN"}
Response headers: {'Date': 'Mon, 04 Sep 2023 09:45:56 GMT', 'Server': 'Apache/2.4.52 (Ubuntu)', 'Access-Control-Allow-Origin': '*', 'Access-Control-Allow-Methods': 'POST', 'Access-Control-Max-Age': '3600', 'Access-Control-Allow-Headers': 'Content-Type, Access-Control-Allow-Headers, Authorization, X-Requested-With', 'Content-Length': '257', 'Keep-Alive': 'timeout=5, max=100', 'Connection': 'Keep-Alive', 'Content-Type': 'application/json;charset=UTF-8'}
Response cookies: {}

-----

-----
Test: tests/test_google_maps_api.py::TestCreatePlace::test_create_new_location (call)
Time: 2023-09-04 11:45:54.610145
Request method: DELETE
Request URL: https://rahulshettyacademy.com/maps/api/place/delete/json?key=qaclick123
Request body: {'place_id': '43f898870ff8f6d4b8c5412e715b4ab1'}

Response code: 200
Text response: {"status":"OK"}
Response headers: {'Date': 'Mon, 04 Sep 2023 09:45:57 GMT', 'Server': 'Apache/2.4.52 (Ubuntu)', 'Access-Control-Allow-Origin': '*', 'Access-Control-Allow-Methods': 'POST', 'Access-Control-Max-Age': '3600', 'Access-Control-Allow-Headers': 'Content-Type, Access-Control-Allow-Headers, Authorization, X-Requested-With', 'Content-Length': '15', 'Keep-Alive': 'timeout=5, max=100', 'Connection': 'Keep-Alive', 'Content-Type': 'application/json;charset=UTF-8'}
Response cookies: {}

-----

-----
Test: tests/test_google_maps_api.py::TestCreatePlace::test_create_new_location (call)
Time: 2023-09-04 11:45:55.340797
Request method: GET
Request URL: https://rahulshettyacademy.com/maps/api/place/get/json?key=qaclick123&place_id=43f898870ff8f6d4b8c5412e715b4ab1

Response code: 404
Text response: {"msg":"Get operation failed, looks like place_id  doesn't exists"}
Response headers: {'Date': 'Mon, 04 Sep 2023 09:45:58 GMT', 'Server': 'Apache/2.4.52 (Ubuntu)', 'Access-Control-Allow-Origin': '*', 'Access-Control-Allow-Methods': 'POST', 'Access-Control-Max-Age': '3600', 'Access-Control-Allow-Headers': 'Content-Type, Access-Control-Allow-Headers, Authorization, X-Requested-With', 'Content-Length': '67', 'Keep-Alive': 'timeout=5, max=100', 'Connection': 'Keep-Alive', 'Content-Type': 'application/json;charset=UTF-8'}
Response cookies: {}

-----
