
-----
Test: tests/test_google_maps_api.py::TestCreatePlace::test_create_new_location (call)
Time: 2023-10-25 08:55:28.337179
Request method: POST
Request URL: https://rahulshettyacademy.com/maps/api/place/add/json?key=qaclick123
Request body: {'location': {'lat': -38.383494, 'lng': 33.427362}, 'accuracy': 50, 'name': 'Frontline house', 'phone_number': '(+91) 983 893 3937', 'address': '29, side layout, cohen 09', 'types': ['shoe park', 'shop'], 'website': 'http://google.com', 'language': 'French-IN'}

Response code: 200
Text response: {"status":"OK","place_id":"d3b532755354dbf779264f50d4dd1c36","scope":"APP","reference":"c743d14c624b866abb1d3defb9d8c5fdc743d14c624b866abb1d3defb9d8c5fd","id":"c743d14c624b866abb1d3defb9d8c5fd"}
Response headers: {'Date': 'Wed, 25 Oct 2023 06:55:29 GMT', 'Server': 'Apache/2.4.52 (Ubuntu)', 'Access-Control-Allow-Origin': '*', 'Access-Control-Allow-Methods': 'POST', 'Access-Control-Max-Age': '3600', 'Access-Control-Allow-Headers': 'Content-Type, Access-Control-Allow-Headers, Authorization, X-Requested-With', 'Content-Length': '194', 'Keep-Alive': 'timeout=5, max=100', 'Connection': 'Keep-Alive', 'Content-Type': 'application/json;charset=UTF-8'}
Response cookies: {}

-----

-----
Test: tests/test_google_maps_api.py::TestCreatePlace::test_create_new_location (call)
Time: 2023-10-25 08:55:29.157955
Request method: GET
Request URL: https://rahulshettyacademy.com/maps/api/place/get/json?key=qaclick123&place_id=d3b532755354dbf779264f50d4dd1c36

Response code: 200
Text response: {"location":{"latitude":"-38.383494","longitude":"33.427362"},"accuracy":"50","name":"Frontline house","phone_number":"(+91) 983 893 3937","address":"29, side layout, cohen 09","types":"shoe park,shop","website":"http:\/\/google.com","language":"French-IN"}
Response headers: {'Date': 'Wed, 25 Oct 2023 06:55:30 GMT', 'Server': 'Apache/2.4.52 (Ubuntu)', 'Access-Control-Allow-Origin': '*', 'Access-Control-Allow-Methods': 'POST', 'Access-Control-Max-Age': '3600', 'Access-Control-Allow-Headers': 'Content-Type, Access-Control-Allow-Headers, Authorization, X-Requested-With', 'Content-Length': '257', 'Keep-Alive': 'timeout=5, max=100', 'Connection': 'Keep-Alive', 'Content-Type': 'application/json;charset=UTF-8'}
Response cookies: {}

-----

-----
Test: tests/test_google_maps_api.py::TestCreatePlace::test_update_new_location (call)
Time: 2023-10-25 08:55:30.072873
Request method: POST
Request URL: https://rahulshettyacademy.com/maps/api/place/add/json?key=qaclick123
Request body: {'location': {'lat': -38.383494, 'lng': 33.427362}, 'accuracy': 50, 'name': 'Frontline house', 'phone_number': '(+91) 983 893 3937', 'address': '29, side layout, cohen 09', 'types': ['shoe park', 'shop'], 'website': 'http://google.com', 'language': 'French-IN'}

Response code: 200
Text response: {"status":"OK","place_id":"a19ec3ad3c9954b47832de9d4657a2e5","scope":"APP","reference":"69ad7c0f06b80820ee07e4f2f246ad7d69ad7c0f06b80820ee07e4f2f246ad7d","id":"69ad7c0f06b80820ee07e4f2f246ad7d"}
Response headers: {'Date': 'Wed, 25 Oct 2023 06:55:31 GMT', 'Server': 'Apache/2.4.52 (Ubuntu)', 'Access-Control-Allow-Origin': '*', 'Access-Control-Allow-Methods': 'POST', 'Access-Control-Max-Age': '3600', 'Access-Control-Allow-Headers': 'Content-Type, Access-Control-Allow-Headers, Authorization, X-Requested-With', 'Content-Length': '194', 'Keep-Alive': 'timeout=5, max=100', 'Connection': 'Keep-Alive', 'Content-Type': 'application/json;charset=UTF-8'}
Response cookies: {}

-----

-----
Test: tests/test_google_maps_api.py::TestCreatePlace::test_update_new_location (call)
Time: 2023-10-25 08:55:30.686682
Request method: PUT
Request URL: https://rahulshettyacademy.com/maps/api/place/update/json?key=qaclick123
Request body: {'place_id': 'a19ec3ad3c9954b47832de9d4657a2e5', 'address': '100 Mickiewicz street, PL', 'key': 'qaclick123'}

Response code: 200
Text response: {"msg":"Address successfully updated"}
Response headers: {'Date': 'Wed, 25 Oct 2023 06:55:31 GMT', 'Server': 'Apache/2.4.52 (Ubuntu)', 'Access-Control-Allow-Origin': '*', 'Access-Control-Allow-Methods': 'POST', 'Access-Control-Max-Age': '3600', 'Access-Control-Allow-Headers': 'Content-Type, Access-Control-Allow-Headers, Authorization, X-Requested-With', 'Content-Length': '38', 'Keep-Alive': 'timeout=5, max=100', 'Connection': 'Keep-Alive', 'Content-Type': 'application/json;charset=UTF-8'}
Response cookies: {}

-----

-----
Test: tests/test_google_maps_api.py::TestCreatePlace::test_update_new_location (call)
Time: 2023-10-25 08:55:32.225826
Request method: GET
Request URL: https://rahulshettyacademy.com/maps/api/place/get/json?key=qaclick123&place_id=a19ec3ad3c9954b47832de9d4657a2e5

Response code: 200
Text response: {"location":{"latitude":"-38.383494","longitude":"33.427362"},"accuracy":"50","name":"Frontline house","phone_number":"(+91) 983 893 3937","address":"100 Mickiewicz street, PL","types":"shoe park,shop","website":"http:\/\/google.com","language":"French-IN"}
Response headers: {'Date': 'Wed, 25 Oct 2023 06:55:33 GMT', 'Server': 'Apache/2.4.52 (Ubuntu)', 'Access-Control-Allow-Origin': '*', 'Access-Control-Allow-Methods': 'POST', 'Access-Control-Max-Age': '3600', 'Access-Control-Allow-Headers': 'Content-Type, Access-Control-Allow-Headers, Authorization, X-Requested-With', 'Content-Length': '257', 'Keep-Alive': 'timeout=5, max=100', 'Connection': 'Keep-Alive', 'Content-Type': 'application/json;charset=UTF-8'}
Response cookies: {}

-----

-----
Test: tests/test_google_maps_api.py::TestCreatePlace::test_delete_new_location (call)
Time: 2023-10-25 08:55:33.153184
Request method: POST
Request URL: https://rahulshettyacademy.com/maps/api/place/add/json?key=qaclick123
Request body: {'location': {'lat': -38.383494, 'lng': 33.427362}, 'accuracy': 50, 'name': 'Frontline house', 'phone_number': '(+91) 983 893 3937', 'address': '29, side layout, cohen 09', 'types': ['shoe park', 'shop'], 'website': 'http://google.com', 'language': 'French-IN'}

Response code: 200
Text response: {"status":"OK","place_id":"db64851768db387074e0636fd5a77ee4","scope":"APP","reference":"94a70337cfccb3867bd7e85bdc5f7f9294a70337cfccb3867bd7e85bdc5f7f92","id":"94a70337cfccb3867bd7e85bdc5f7f92"}
Response headers: {'Date': 'Wed, 25 Oct 2023 06:55:34 GMT', 'Server': 'Apache/2.4.52 (Ubuntu)', 'Access-Control-Allow-Origin': '*', 'Access-Control-Allow-Methods': 'POST', 'Access-Control-Max-Age': '3600', 'Access-Control-Allow-Headers': 'Content-Type, Access-Control-Allow-Headers, Authorization, X-Requested-With', 'Content-Length': '194', 'Keep-Alive': 'timeout=5, max=100', 'Connection': 'Keep-Alive', 'Content-Type': 'application/json;charset=UTF-8'}
Response cookies: {}

-----

-----
Test: tests/test_google_maps_api.py::TestCreatePlace::test_delete_new_location (call)
Time: 2023-10-25 08:55:33.760847
Request method: PUT
Request URL: https://rahulshettyacademy.com/maps/api/place/update/json?key=qaclick123
Request body: {'place_id': 'db64851768db387074e0636fd5a77ee4', 'address': '100 Mickiewicz street, PL', 'key': 'qaclick123'}

Response code: 200
Text response: {"msg":"Address successfully updated"}
Response headers: {'Date': 'Wed, 25 Oct 2023 06:55:34 GMT', 'Server': 'Apache/2.4.52 (Ubuntu)', 'Access-Control-Allow-Origin': '*', 'Access-Control-Allow-Methods': 'POST', 'Access-Control-Max-Age': '3600', 'Access-Control-Allow-Headers': 'Content-Type, Access-Control-Allow-Headers, Authorization, X-Requested-With', 'Content-Length': '38', 'Keep-Alive': 'timeout=5, max=100', 'Connection': 'Keep-Alive', 'Content-Type': 'application/json;charset=UTF-8'}
Response cookies: {}

-----

-----
Test: tests/test_google_maps_api.py::TestCreatePlace::test_delete_new_location (call)
Time: 2023-10-25 08:55:34.994320
Request method: DELETE
Request URL: https://rahulshettyacademy.com/maps/api/place/delete/json?key=qaclick123
Request body: {'place_id': 'db64851768db387074e0636fd5a77ee4'}

Response code: 200
Text response: {"status":"OK"}
Response headers: {'Date': 'Wed, 25 Oct 2023 06:55:36 GMT', 'Server': 'Apache/2.4.52 (Ubuntu)', 'Access-Control-Allow-Origin': '*', 'Access-Control-Allow-Methods': 'POST', 'Access-Control-Max-Age': '3600', 'Access-Control-Allow-Headers': 'Content-Type, Access-Control-Allow-Headers, Authorization, X-Requested-With', 'Content-Length': '15', 'Keep-Alive': 'timeout=5, max=100', 'Connection': 'Keep-Alive', 'Content-Type': 'application/json;charset=UTF-8'}
Response cookies: {}

-----

-----
Test: tests/test_google_maps_api.py::TestCreatePlace::test_delete_new_location (call)
Time: 2023-10-25 08:55:36.109383
Request method: GET
Request URL: https://rahulshettyacademy.com/maps/api/place/get/json?key=qaclick123&place_id=db64851768db387074e0636fd5a77ee4

Response code: 404
Text response: {"msg":"Get operation failed, looks like place_id  doesn't exists"}
Response headers: {'Date': 'Wed, 25 Oct 2023 06:55:37 GMT', 'Server': 'Apache/2.4.52 (Ubuntu)', 'Access-Control-Allow-Origin': '*', 'Access-Control-Allow-Methods': 'POST', 'Access-Control-Max-Age': '3600', 'Access-Control-Allow-Headers': 'Content-Type, Access-Control-Allow-Headers, Authorization, X-Requested-With', 'Content-Length': '67', 'Keep-Alive': 'timeout=5, max=100', 'Connection': 'Keep-Alive', 'Content-Type': 'application/json;charset=UTF-8'}
Response cookies: {}

-----
